[14/Oct/2020 09:52:24] "GET /ip HTTP/1.0" 200 34
[14/Oct/2020 09:56:48] "GET /ip HTTP/1.0" 200 34
Not Found: /favicon.ico
[14/Oct/2020 09:56:48] "GET /favicon.ico HTTP/1.0" 404 2283
[14/Oct/2020 09:58:40] "GET /ip HTTP/1.0" 200 34
[14/Oct/2020 09:59:08] "GET / HTTP/1.1" 200 2978
[14/Oct/2020 09:59:09] "GET / HTTP/1.1" 200 2978
Not Found: /favicon.ico
[14/Oct/2020 09:59:10] "HEAD /favicon.ico HTTP/1.1" 404 2288
Not Found: /favicon.ico
[14/Oct/2020 09:59:11] "GET /favicon.ico HTTP/1.1" 404 2287
[14/Oct/2020 10:01:02] "GET / HTTP/1.1" 200 2978
[14/Oct/2020 10:01:02] "GET / HTTP/1.1" 200 2978
Not Found: /favicon.ico
[14/Oct/2020 10:01:02] "GET /favicon.ico HTTP/1.1" 404 2284
[14/Oct/2020 10:02:37] "GET /ip HTTP/1.0" 200 60
[14/Oct/2020 10:03:46] "GET /ip HTTP/1.0" 200 34
[14/Oct/2020 10:06:11] "GET /ip HTTP/1.0" 200 60
[14/Oct/2020 10:13:22] code 400, message Bad HTTP/0.9 request type ('\x16\x03\x01\x00\x89\x01\x00\x00')
[14/Oct/2020 10:13:22] You're accessing the development server over HTTPS, but it only supports HTTP.

[14/Oct/2020 10:14:26] "GET / HTTP/1.1" 200 2978
[14/Oct/2020 10:16:39] "GET / HTTP/1.1" 200 2978
[2020-10-14 10:17:43,427 pyinotify ERROR] The pathname '/home/wwwroot/ipinfo/ipapp/views.py' of this watch <Watch wd=1164 path=/home/wwwroot/ipinfo/ipapp/views.py mask=4038 proc_fun=None auto_add=False exclude_filter=<function WatchManager.<lambda> at 0x7f15b73ceae8> dir=False > has probably changed and couldn't be updated, so it cannot be trusted anymore. To fix this error move directories/files only between watched parents directories, in this case e.g. put a watch on '/home/wwwroot/ipinfo/ipapp'.
Performing system checks...

System check identified no issues (0 silenced).
October 14, 2020 - 09:51:59
Django version 1.11.18, using settings 'ipinfo.settings'
Starting development server at http://0.0.0.0:8080/
Quit the server with CONTROL-C.
{'country': '中国', 'region': '浙江省', 'city': '杭州市', 'isp': '阿里云'}
{'city': '浙江省杭州市', 'isp': '阿里巴巴阿里云AliDNS服务器'}
{'country': '中国', 'region': '浙江省', 'city': '杭州市', 'isp': '阿里云'}
{'city': '浙江省杭州市', 'isp': '阿里巴巴阿里云AliDNS服务器'}
{'country': '中国', 'region': '浙江省', 'city': '杭州市', 'isp': '阿里云'}
{'city': '浙江省杭州市', 'isp': '阿里巴巴阿里云AliDNS服务器'}
{'country': '中国', 'region': '浙江省', 'city': '杭州市', 'isp': '阿里云'}
{'city': '浙江省杭州市', 'isp': '阿里巴巴阿里云AliDNS服务器'}
{'country': '中国', 'region': '浙江省', 'city': '杭州市', 'isp': '阿里云'}
{'city': '浙江省杭州市', 'isp': '阿里巴巴阿里云AliDNS服务器'}
{'country': '中国', 'region': '浙江省', 'city': '杭州市', 'isp': '阿里云'}
{'city': '浙江省杭州市', 'isp': '阿里巴巴阿里云AliDNS服务器'}
[14/Oct/2020 10:25:05] "GET / HTTP/1.1" 200 2978
[14/Oct/2020 10:27:37] "GET / HTTP/1.1" 200 2978
[14/Oct/2020 10:41:47] "GET / HTTP/1.1" 200 151
